21-12-2019 16:48:06	This log contains information about the import schema operation into project 'beestje_eindopdracht.Database' on computer 'RIVALDO' by user 'RivaldoPc'.
21-12-2019 16:48:06	Import of database schema has started.
21-12-2019 16:48:08	Gathering error messages
21-12-2019 16:48:08	Gathering cryptographic providers
21-12-2019 16:48:08	Gathering credentials
21-12-2019 16:48:08	Gathering logins
21-12-2019 16:48:08	Gathering server roles
21-12-2019 16:48:08	Gathering server role memberships
21-12-2019 16:48:08	Gathering linked servers
21-12-2019 16:48:08	Gathering linked server logins
21-12-2019 16:48:08	Gathering routes
21-12-2019 16:48:08	Gathering ddl triggers
21-12-2019 16:48:08	Gathering encrypted and clr ddl triggers
21-12-2019 16:48:08	Gathering event notifications
21-12-2019 16:48:08	Gathering server audits
21-12-2019 16:48:08	Gathering server audit specifications
21-12-2019 16:48:08	Gathering event notifications
21-12-2019 16:48:12	Gathering database options
21-12-2019 16:48:12	Gathering users
21-12-2019 16:48:12	Gathering roles
21-12-2019 16:48:12	Gathering application roles
21-12-2019 16:48:12	Gathering role memberships
21-12-2019 16:48:12	Gathering filegroups
21-12-2019 16:48:12	Gathering files
21-12-2019 16:48:12	Gathering full-text catalogs
21-12-2019 16:48:12	Gathering assemblies
21-12-2019 16:48:12	Gathering certificates
21-12-2019 16:48:12	Gathering asymmetric keys
21-12-2019 16:48:12	Gathering symmetric keys
21-12-2019 16:48:12	Gathering encrypted symmetric keys
21-12-2019 16:48:12	Gathering database encryption keys
21-12-2019 16:48:12	Gathering schemas
21-12-2019 16:48:12	Gathering XML schema collections
21-12-2019 16:48:12	Gathering user-defined data types
21-12-2019 16:48:12	Gathering user-defined types
21-12-2019 16:48:12	Gathering table types
21-12-2019 16:48:12	Gathering unique keys for table types
21-12-2019 16:48:12	Gathering primary keys for table types
21-12-2019 16:48:12	Gathering check constraints for table types
21-12-2019 16:48:12	Gathering default constraints for table types
21-12-2019 16:48:12	Gathering partition functions
21-12-2019 16:48:12	Gathering partition schemes
21-12-2019 16:48:12	Gathering functions
21-12-2019 16:48:12	Gathering encrypted functions
21-12-2019 16:48:12	Gathering aggregates
21-12-2019 16:48:12	Gathering procedures
21-12-2019 16:48:12	Gathering encrypted procedures
21-12-2019 16:48:12	Gathering tables
21-12-2019 16:48:12	Gathering primary keys
21-12-2019 16:48:12	Gathering unique constraints
21-12-2019 16:48:12	Gathering foreign keys
21-12-2019 16:48:12	Gathering default constraints
21-12-2019 16:48:12	Gathering check constraints
21-12-2019 16:48:12	Gathering views
21-12-2019 16:48:12	Gathering encrypted views
21-12-2019 16:48:12	Gathering indexes
21-12-2019 16:48:13	Gathering statistics
21-12-2019 16:48:13	Gathering full-text index stoplists
21-12-2019 16:48:13	Gathering search property lists
21-12-2019 16:48:13	Gathering search properties
21-12-2019 16:48:13	Gathering full-text indexes
21-12-2019 16:48:13	Gathering column store indexes
21-12-2019 16:48:13	Gathering spatial indexes
21-12-2019 16:48:13	Gathering XML indexes
21-12-2019 16:48:13	Gathering Selective XML indexes
21-12-2019 16:48:13	Gathering encrypted triggers
21-12-2019 16:48:13	Gathering triggers
21-12-2019 16:48:13	Gathering encrypted and clr ddl triggers
21-12-2019 16:48:13	Gathering ddl triggers
21-12-2019 16:48:13	Gathering synonyms
21-12-2019 16:48:13	Gathering defaults
21-12-2019 16:48:13	Gathering data constraint uddt bindings
21-12-2019 16:48:13	Gathering rules
21-12-2019 16:48:13	Gathering data constraint uddt bindings
21-12-2019 16:48:13	Gathering message types
21-12-2019 16:48:13	Gathering queues
21-12-2019 16:48:13	Gathering contracts
21-12-2019 16:48:13	Gathering services
21-12-2019 16:48:13	Gathering routes
21-12-2019 16:48:13	Gathering event notifications
21-12-2019 16:48:13	Gathering remote service bindings
21-12-2019 16:48:13	Gathering broker priorities
21-12-2019 16:48:13	Gathering database audit specifications
21-12-2019 16:48:13	Gathering signatures
21-12-2019 16:48:13	Gathering data compression options
21-12-2019 16:48:13	Gathering sequence types
21-12-2019 16:48:13	Gathering extended properties
21-12-2019 16:48:13	Scanning project for duplicate elements
21-12-2019 16:48:13	Finished duplicate element processing
21-12-2019 16:48:14	Finished importing database.
21-12-2019 16:48:14	A summary of the import was saved to the following location: C:\Users\RivaldoPc\source\repos\prog6\beestje_eindopdracht\beestje_eindopdracht.Database\Import Schema Logs\beestje_eindopdracht_20191221034806.log
21-12-2019 16:48:14	Click Finish to continue...
